<?xml version="1.0" encoding="UTF-8"?>
<testng-results skipped="0" failed="0" total="0" passed="0">
  <reporter-output>
  </reporter-output>
  <suite name="com.practice.hybrid.AppTest" duration-ms="2" started-at="2018-03-03T15:14:28Z" finished-at="2018-03-03T15:14:28Z">
    <groups>
    </groups>
    <test name="Command line test" duration-ms="2" started-at="2018-03-03T15:14:28Z" finished-at="2018-03-03T15:14:28Z">
    </test> <!-- Command line test -->
  </suite> <!-- com.practice.hybrid.AppTest -->
</testng-results>
